<?xml version="1.0" encoding="UTF-8"?>
<!-- Generated by org.testng.reporters.JUnitReportReporter -->
<testsuite skipped="0" hostname="A2ML37002" name="com.org.qa.testdata.LoginPageTestcase" tests="3" failures="0" timestamp="2020-04-29T19:25:41 IST" time="28.411" errors="0">
  <testcase name="loginPageTitleTest" time="8.979" classname="com.org.qa.testdata.LoginPageTestcase"/>
  <testcase name="crmLogoImageTest" time="7.836" classname="com.org.qa.testdata.LoginPageTestcase"/>
  <testcase name="loginTest" time="11.596" classname="com.org.qa.testdata.LoginPageTestcase"/>
</testsuite> <!-- com.org.qa.testdata.LoginPageTestcase -->
