<?xml version="1.0" encoding="UTF-8"?>
<!-- Generated by org.testng.reporters.JUnitReportReporter -->
<testsuite skipped="0" hostname="A2ML37002" name="com.org.qa.testdata.SearchFlightPageTestCase" tests="2" failures="0" timestamp="2020-04-29T20:08:54 IST" time="25.587" errors="0">
  <testcase name="verifysearchTest" time="11.880" classname="com.org.qa.testdata.SearchFlightPageTestCase"/>
  <testcase name="flightReservationTest" time="13.707" classname="com.org.qa.testdata.SearchFlightPageTestCase"/>
</testsuite> <!-- com.org.qa.testdata.SearchFlightPageTestCase -->
